2017-04-19 14:03:53.044  INFO 41524 --- [main] com.games.world.Application              : Starting Application on DESKTOP-AM5OF9A with PID 41524 (C:\Users\fengfeng\git\games-boot\games-main\target\classes started by fengfeng in C:\Users\fengfeng\git\games-boot\games-main)
2017-04-19 14:03:53.045  INFO 41524 --- [main] com.games.world.Application              : The following profiles are active: dev
2017-04-19 14:03:53.221  INFO 41524 --- [main] ationConfigEmbeddedWebApplicationContext : Refreshing org.springframework.boot.context.embedded.AnnotationConfigEmbeddedWebApplicationContext@3270d194: startup date [Wed Apr 19 14:03:53 CST 2017]; root of context hierarchy
2017-04-19 14:03:54.007  INFO 41524 --- [main] o.s.b.f.s.DefaultListableBeanFactory     : Overriding bean definition for bean 'beanNameViewResolver' with a different definition: replacing [Root bean: class [null]; scope=; abstract=false; lazyInit=false; autowireMode=3; dependencyCheck=0; autowireCandidate=true; primary=false; factoryBeanName=org.springframework.boot.autoconfigure.web.ErrorMvcAutoConfiguration$WhitelabelErrorViewConfiguration; factoryMethodName=beanNameViewResolver; initMethodName=null; destroyMethodName=(inferred); defined in class path resource [org/springframework/boot/autoconfigure/web/ErrorMvcAutoConfiguration$WhitelabelErrorViewConfiguration.class]] with [Root bean: class [null]; scope=; abstract=false; lazyInit=false; autowireMode=3; dependencyCheck=0; autowireCandidate=true; primary=false; factoryBeanName=org.springframework.boot.autoconfigure.web.WebMvcAutoConfiguration$WebMvcAutoConfigurationAdapter; factoryMethodName=beanNameViewResolver; initMethodName=null; destroyMethodName=(inferred); defined in class path resource [org/springframework/boot/autoconfigure/web/WebMvcAutoConfiguration$WebMvcAutoConfigurationAdapter.class]]
2017-04-19 14:03:54.468  INFO 41524 --- [main] trationDelegate$BeanPostProcessorChecker : Bean 'org.springframework.transaction.annotation.ProxyTransactionManagementConfiguration' of type [class org.springframework.transaction.annotation.ProxyTransactionManagementConfiguration$$EnhancerBySpringCGLIB$$f3376bed] is not eligible for getting processed by all BeanPostProcessors (for example: not eligible for auto-proxying)
2017-04-19 14:03:55.003  INFO 41524 --- [main] e.j.JettyEmbeddedServletContainerFactory : Server initialized with port: 80
2017-04-19 14:03:55.010  INFO 41524 --- [main] org.eclipse.jetty.server.Server          : jetty-9.2.15.v20160210
2017-04-19 14:03:55.114  INFO 41524 --- [main] application                              : Initializing Spring embedded WebApplicationContext
2017-04-19 14:03:55.115  INFO 41524 --- [main] o.s.web.context.ContextLoader            : Root WebApplicationContext: initialization completed in 1894 ms
2017-04-19 14:03:55.576  INFO 41524 --- [main] o.s.b.c.e.ServletRegistrationBean        : Mapping servlet: 'dispatcherServlet' to [/]
2017-04-19 14:03:55.579  INFO 41524 --- [main] o.s.b.c.embedded.FilterRegistrationBean  : Mapping filter: 'metricFilter' to: [/*]
2017-04-19 14:03:55.579  INFO 41524 --- [main] o.s.b.c.embedded.FilterRegistrationBean  : Mapping filter: 'characterEncodingFilter' to: [/*]
2017-04-19 14:03:55.580  INFO 41524 --- [main] o.s.b.c.embedded.FilterRegistrationBean  : Mapping filter: 'hiddenHttpMethodFilter' to: [/*]
2017-04-19 14:03:55.580  INFO 41524 --- [main] o.s.b.c.embedded.FilterRegistrationBean  : Mapping filter: 'httpPutFormContentFilter' to: [/*]
2017-04-19 14:03:55.580  INFO 41524 --- [main] o.s.b.c.embedded.FilterRegistrationBean  : Mapping filter: 'requestContextFilter' to: [/*]
2017-04-19 14:03:55.581  INFO 41524 --- [main] o.s.b.c.embedded.FilterRegistrationBean  : Mapping filter: 'webRequestLoggingFilter' to: [/*]
2017-04-19 14:03:55.581  INFO 41524 --- [main] o.s.b.c.embedded.FilterRegistrationBean  : Mapping filter: 'applicationContextIdFilter' to: [/*]
2017-04-19 14:03:55.838  INFO 41524 --- [main] o.e.jetty.server.handler.ContextHandler  : Started o.s.b.c.e.j.JettyEmbeddedWebAppContext@2436ea2f{/,file:/C:/Users/fengfeng/AppData/Local/Temp/jetty-docbase.8837650068256212040.80/,AVAILABLE}
2017-04-19 14:03:55.839  INFO 41524 --- [main] org.eclipse.jetty.server.Server          : Started @4018ms
2017-04-19 14:03:57.118  INFO 41524 --- [main] s.w.s.m.m.a.RequestMappingHandlerAdapter : Looking for @ControllerAdvice: org.springframework.boot.context.embedded.AnnotationConfigEmbeddedWebApplicationContext@3270d194: startup date [Wed Apr 19 14:03:53 CST 2017]; root of context hierarchy
2017-04-19 14:03:57.183  INFO 41524 --- [main] s.w.s.m.m.a.RequestMappingHandlerMapping : Mapped "{[/],methods=[GET]}" onto public java.lang.String com.games.world.Application.index()
2017-04-19 14:03:57.186  INFO 41524 --- [main] s.w.s.m.m.a.RequestMappingHandlerMapping : Mapped "{[/login],methods=[GET]}" onto public com.games.world.model.JsonResult com.games.world.controller.UsrController.login(java.util.Map<java.lang.String, java.lang.Object>)
2017-04-19 14:03:57.190  INFO 41524 --- [main] s.w.s.m.m.a.RequestMappingHandlerMapping : Mapped "{[/error]}" onto public org.springframework.http.ResponseEntity<java.util.Map<java.lang.String, java.lang.Object>> org.springframework.boot.autoconfigure.web.BasicErrorController.error(javax.servlet.http.HttpServletRequest)
2017-04-19 14:03:57.191  INFO 41524 --- [main] s.w.s.m.m.a.RequestMappingHandlerMapping : Mapped "{[/error],produces=[text/html]}" onto public org.springframework.web.servlet.ModelAndView org.springframework.boot.autoconfigure.web.BasicErrorController.errorHtml(javax.servlet.http.HttpServletRequest,javax.servlet.http.HttpServletResponse)
2017-04-19 14:03:57.223  INFO 41524 --- [main] o.s.w.s.handler.SimpleUrlHandlerMapping  : Mapped URL path [/webjars/**] onto handler of type [class org.springframework.web.servlet.resource.ResourceHttpRequestHandler]
2017-04-19 14:03:57.223  INFO 41524 --- [main] o.s.w.s.handler.SimpleUrlHandlerMapping  : Mapped URL path [/**] onto handler of type [class org.springframework.web.servlet.resource.ResourceHttpRequestHandler]
2017-04-19 14:03:57.260  INFO 41524 --- [main] o.s.w.s.handler.SimpleUrlHandlerMapping  : Mapped URL path [/**/favicon.ico] onto handler of type [class org.springframework.web.servlet.resource.ResourceHttpRequestHandler]
2017-04-19 14:03:57.359  WARN 41524 --- [main] o.s.b.a.t.ThymeleafAutoConfiguration     : Cannot find template location: classpath:/templates/ (please add some templates or check your Thymeleaf configuration)
2017-04-19 14:03:58.197  INFO 41524 --- [main] o.s.b.a.e.mvc.EndpointHandlerMapping     : Mapped "{[/info || /info.json],methods=[GET],produces=[application/json]}" onto public java.lang.Object org.springframework.boot.actuate.endpoint.mvc.EndpointMvcAdapter.invoke()
2017-04-19 14:03:58.197  INFO 41524 --- [main] o.s.b.a.e.mvc.EndpointHandlerMapping     : Mapped "{[/health || /health.json],produces=[application/json]}" onto public java.lang.Object org.springframework.boot.actuate.endpoint.mvc.HealthMvcEndpoint.invoke(java.security.Principal)
2017-04-19 14:03:58.198  INFO 41524 --- [main] o.s.b.a.e.mvc.EndpointHandlerMapping     : Mapped "{[/env/{name:.*}],methods=[GET],produces=[application/json]}" onto public java.lang.Object org.springframework.boot.actuate.endpoint.mvc.EnvironmentMvcEndpoint.value(java.lang.String)
2017-04-19 14:03:58.198  INFO 41524 --- [main] o.s.b.a.e.mvc.EndpointHandlerMapping     : Mapped "{[/env || /env.json],methods=[GET],produces=[application/json]}" onto public java.lang.Object org.springframework.boot.actuate.endpoint.mvc.EndpointMvcAdapter.invoke()
2017-04-19 14:03:58.199  INFO 41524 --- [main] o.s.b.a.e.mvc.EndpointHandlerMapping     : Mapped "{[/configprops || /configprops.json],methods=[GET],produces=[application/json]}" onto public java.lang.Object org.springframework.boot.actuate.endpoint.mvc.EndpointMvcAdapter.invoke()
2017-04-19 14:03:58.200  INFO 41524 --- [main] o.s.b.a.e.mvc.EndpointHandlerMapping     : Mapped "{[/mappings || /mappings.json],methods=[GET],produces=[application/json]}" onto public java.lang.Object org.springframework.boot.actuate.endpoint.mvc.EndpointMvcAdapter.invoke()
2017-04-19 14:03:58.201  INFO 41524 --- [main] o.s.b.a.e.mvc.EndpointHandlerMapping     : Mapped "{[/metrics/{name:.*}],methods=[GET],produces=[application/json]}" onto public java.lang.Object org.springframework.boot.actuate.endpoint.mvc.MetricsMvcEndpoint.value(java.lang.String)
2017-04-19 14:03:58.202  INFO 41524 --- [main] o.s.b.a.e.mvc.EndpointHandlerMapping     : Mapped "{[/metrics || /metrics.json],methods=[GET],produces=[application/json]}" onto public java.lang.Object org.springframework.boot.actuate.endpoint.mvc.EndpointMvcAdapter.invoke()
2017-04-19 14:03:58.202  INFO 41524 --- [main] o.s.b.a.e.mvc.EndpointHandlerMapping     : Mapped "{[/autoconfig || /autoconfig.json],methods=[GET],produces=[application/json]}" onto public java.lang.Object org.springframework.boot.actuate.endpoint.mvc.EndpointMvcAdapter.invoke()
2017-04-19 14:03:58.203  INFO 41524 --- [main] o.s.b.a.e.mvc.EndpointHandlerMapping     : Mapped "{[/beans || /beans.json],methods=[GET],produces=[application/json]}" onto public java.lang.Object org.springframework.boot.actuate.endpoint.mvc.EndpointMvcAdapter.invoke()
2017-04-19 14:03:58.203  INFO 41524 --- [main] o.s.b.a.e.mvc.EndpointHandlerMapping     : Mapped "{[/trace || /trace.json],methods=[GET],produces=[application/json]}" onto public java.lang.Object org.springframework.boot.actuate.endpoint.mvc.EndpointMvcAdapter.invoke()
2017-04-19 14:03:58.204  INFO 41524 --- [main] o.s.b.a.e.mvc.EndpointHandlerMapping     : Mapped "{[/dump || /dump.json],methods=[GET],produces=[application/json]}" onto public java.lang.Object org.springframework.boot.actuate.endpoint.mvc.EndpointMvcAdapter.invoke()
2017-04-19 14:03:58.326  INFO 41524 --- [main] o.s.ui.freemarker.SpringTemplateLoader   : SpringTemplateLoader for FreeMarker: using resource loader [org.springframework.boot.context.embedded.AnnotationConfigEmbeddedWebApplicationContext@3270d194: startup date [Wed Apr 19 14:03:53 CST 2017]; root of context hierarchy] and template loader path [classpath:/templates/]
2017-04-19 14:03:58.328  INFO 41524 --- [main] o.s.w.s.v.f.FreeMarkerConfigurer         : ClassTemplateLoader for Spring macros added to FreeMarker configuration
2017-04-19 14:03:58.345  WARN 41524 --- [main] o.s.b.a.f.FreeMarkerAutoConfiguration    : Cannot find template location(s): [classpath:/templates/] (please add some templates, check your FreeMarker configuration, or set spring.freemarker.checkTemplateLocation=false)
2017-04-19 14:03:58.425  INFO 41524 --- [main] o.s.j.e.a.AnnotationMBeanExporter        : Registering beans for JMX exposure on startup
2017-04-19 14:03:58.426  INFO 41524 --- [main] o.s.j.e.a.AnnotationMBeanExporter        : Bean with name 'dataSource' has been autodetected for JMX exposure
2017-04-19 14:03:58.432  INFO 41524 --- [main] o.s.j.e.a.AnnotationMBeanExporter        : Located MBean 'dataSource': registering with JMX server as MBean [com.alibaba.druid.pool:name=dataSource,type=DruidDataSource]
2017-04-19 14:03:58.441  INFO 41524 --- [main] o.s.c.support.DefaultLifecycleProcessor  : Starting beans in phase 0
2017-04-19 14:03:58.505  INFO 41524 --- [main] application                              : Initializing Spring FrameworkServlet 'dispatcherServlet'
2017-04-19 14:03:58.505  INFO 41524 --- [main] o.s.web.servlet.DispatcherServlet        : FrameworkServlet 'dispatcherServlet': initialization started
2017-04-19 14:03:58.518  INFO 41524 --- [main] o.s.web.servlet.DispatcherServlet        : FrameworkServlet 'dispatcherServlet': initialization completed in 12 ms
2017-04-19 14:03:58.550  INFO 41524 --- [main] o.eclipse.jetty.server.ServerConnector   : Started ServerConnector@34f7b44f{HTTP/1.1}{0.0.0.0:80}
2017-04-19 14:03:58.552  INFO 41524 --- [main] .s.b.c.e.j.JettyEmbeddedServletContainer : Jetty started on port(s) 80 (http/1.1)
2017-04-19 14:03:58.556  INFO 41524 --- [main] com.games.world.Application              : Started Application in 6.194 seconds (JVM running for 6.735)
2017-04-19 14:04:12.951  INFO 41524 --- [qtp2088098699-16] com.alibaba.druid.pool.DruidDataSource   : {dataSource-1} inited
